<?xml version="1.0" encoding="UTF-8"?>
<testsuite xmlns:xsi="http://www.w3.org/2001/XMLSchema-instance" xsi:noNamespaceSchemaLocation="https://maven.apache.org/surefire/maven-surefire-plugin/xsd/surefire-test-report-3.0.xsd" version="3.0" name="TestSuite" time="149.918" tests="14" errors="0" skipped="0" failures="2">
  <properties>
    <property name="gopherProxySet" value="false"/>
    <property name="awt.toolkit" value="sun.lwawt.macosx.LWCToolkit"/>
    <property name="java.specification.version" value="11"/>
    <property name="webdriver.chrome.driver" value="/Users/dharshana/.cache/selenium/chromedriver/mac64/99.0.4844.51/chromedriver"/>
    <property name="sun.cpu.isalist" value=""/>
    <property name="sun.jnu.encoding" value="UTF-8"/>
    <property name="java.class.path" value="/Users/dharshana/demo/BuggyRatingAutomate/target/test-classes:/Users/dharshana/demo/BuggyRatingAutomate/target/classes:/Users/dharshana/.m2/repository/org/testng/testng/7.5/testng-7.5.jar:/Users/dharshana/.m2/repository/com/google/code/findbugs/jsr305/3.0.1/jsr305-3.0.1.jar:/Users/dharshana/.m2/repository/org/slf4j/slf4j-api/1.7.32/slf4j-api-1.7.32.jar:/Users/dharshana/.m2/repository/com/beust/jcommander/1.78/jcommander-1.78.jar:/Users/dharshana/.m2/repository/org/webjars/jquery/3.5.1/jquery-3.5.1.jar:/Users/dharshana/.m2/repository/org/seleniumhq/selenium/selenium-chrome-driver/4.1.2/selenium-chrome-driver-4.1.2.jar:/Users/dharshana/.m2/repository/com/google/auto/service/auto-service-annotations/1.0.1/auto-service-annotations-1.0.1.jar:/Users/dharshana/.m2/repository/com/google/auto/service/auto-service/1.0.1/auto-service-1.0.1.jar:/Users/dharshana/.m2/repository/com/google/auto/auto-common/1.2/auto-common-1.2.jar:/Users/dharshana/.m2/repository/com/google/guava/guava/31.0.1-jre/guava-31.0.1-jre.jar:/Users/dharshana/.m2/repository/com/google/guava/failureaccess/1.0.1/failureaccess-1.0.1.jar:/Users/dharshana/.m2/repository/com/google/guava/listenablefuture/9999.0-empty-to-avoid-conflict-with-guava/listenablefuture-9999.0-empty-to-avoid-conflict-with-guava.jar:/Users/dharshana/.m2/repository/org/checkerframework/checker-qual/3.12.0/checker-qual-3.12.0.jar:/Users/dharshana/.m2/repository/com/google/errorprone/error_prone_annotations/2.7.1/error_prone_annotations-2.7.1.jar:/Users/dharshana/.m2/repository/com/google/j2objc/j2objc-annotations/1.3/j2objc-annotations-1.3.jar:/Users/dharshana/.m2/repository/org/seleniumhq/selenium/selenium-api/4.1.2/selenium-api-4.1.2.jar:/Users/dharshana/.m2/repository/org/seleniumhq/selenium/selenium-chromium-driver/4.1.2/selenium-chromium-driver-4.1.2.jar:/Users/dharshana/.m2/repository/org/seleniumhq/selenium/selenium-json/4.1.2/selenium-json-4.1.2.jar:/Users/dharshana/.m2/repository/org/seleniumhq/selenium/selenium-remote-driver/4.1.2/selenium-remote-driver-4.1.2.jar:/Users/dharshana/.m2/repository/io/netty/netty-buffer/4.1.73.Final/netty-buffer-4.1.73.Final.jar:/Users/dharshana/.m2/repository/io/netty/netty-codec-http/4.1.73.Final/netty-codec-http-4.1.73.Final.jar:/Users/dharshana/.m2/repository/io/netty/netty-codec/4.1.73.Final/netty-codec-4.1.73.Final.jar:/Users/dharshana/.m2/repository/io/netty/netty-handler/4.1.73.Final/netty-handler-4.1.73.Final.jar:/Users/dharshana/.m2/repository/io/netty/netty-tcnative-classes/2.0.46.Final/netty-tcnative-classes-2.0.46.Final.jar:/Users/dharshana/.m2/repository/io/netty/netty-common/4.1.73.Final/netty-common-4.1.73.Final.jar:/Users/dharshana/.m2/repository/io/netty/netty-transport-classes-epoll/4.1.73.Final/netty-transport-classes-epoll-4.1.73.Final.jar:/Users/dharshana/.m2/repository/io/netty/netty-transport-classes-kqueue/4.1.73.Final/netty-transport-classes-kqueue-4.1.73.Final.jar:/Users/dharshana/.m2/repository/io/netty/netty-transport-native-epoll/4.1.73.Final/netty-transport-native-epoll-4.1.73.Final.jar:/Users/dharshana/.m2/repository/io/netty/netty-transport-native-kqueue/4.1.73.Final/netty-transport-native-kqueue-4.1.73.Final.jar:/Users/dharshana/.m2/repository/io/netty/netty-transport-native-unix-common/4.1.73.Final/netty-transport-native-unix-common-4.1.73.Final.jar:/Users/dharshana/.m2/repository/io/netty/netty-transport/4.1.73.Final/netty-transport-4.1.73.Final.jar:/Users/dharshana/.m2/repository/io/netty/netty-resolver/4.1.73.Final/netty-resolver-4.1.73.Final.jar:/Users/dharshana/.m2/repository/io/opentelemetry/opentelemetry-api/1.10.1/opentelemetry-api-1.10.1.jar:/Users/dharshana/.m2/repository/io/opentelemetry/opentelemetry-context/1.10.1/opentelemetry-context-1.10.1.jar:/Users/dharshana/.m2/repository/io/opentelemetry/opentelemetry-exporter-logging/1.10.1/opentelemetry-exporter-logging-1.10.1.jar:/Users/dharshana/.m2/repository/io/opentelemetry/opentelemetry-sdk-metrics/1.10.1-alpha/opentelemetry-sdk-metrics-1.10.1-alpha.jar:/Users/dharshana/.m2/repository/io/opentelemetry/opentelemetry-sdk-logs/1.10.1-alpha/opentelemetry-sdk-logs-1.10.1-alpha.jar:/Users/dharshana/.m2/repository/io/opentelemetry/opentelemetry-sdk-common/1.10.1/opentelemetry-sdk-common-1.10.1.jar:/Users/dharshana/.m2/repository/io/opentelemetry/opentelemetry-sdk-extension-autoconfigure-spi/1.10.1/opentelemetry-sdk-extension-autoconfigure-spi-1.10.1.jar:/Users/dharshana/.m2/repository/io/opentelemetry/opentelemetry-sdk-extension-autoconfigure/1.10.1-alpha/opentelemetry-sdk-extension-autoconfigure-1.10.1-alpha.jar:/Users/dharshana/.m2/repository/io/opentelemetry/opentelemetry-sdk-trace/1.10.1/opentelemetry-sdk-trace-1.10.1.jar:/Users/dharshana/.m2/repository/io/opentelemetry/opentelemetry-sdk/1.10.1/opentelemetry-sdk-1.10.1.jar:/Users/dharshana/.m2/repository/io/opentelemetry/opentelemetry-semconv/1.10.1-alpha/opentelemetry-semconv-1.10.1-alpha.jar:/Users/dharshana/.m2/repository/io/ous/jtoml/2.0.0/jtoml-2.0.0.jar:/Users/dharshana/.m2/repository/org/apache/commons/commons-exec/1.3/commons-exec-1.3.jar:/Users/dharshana/.m2/repository/org/asynchttpclient/async-http-client/2.12.3/async-http-client-2.12.3.jar:/Users/dharshana/.m2/repository/org/asynchttpclient/async-http-client-netty-utils/2.12.3/async-http-client-netty-utils-2.12.3.jar:/Users/dharshana/.m2/repository/io/netty/netty-codec-socks/4.1.60.Final/netty-codec-socks-4.1.60.Final.jar:/Users/dharshana/.m2/repository/io/netty/netty-handler-proxy/4.1.60.Final/netty-handler-proxy-4.1.60.Final.jar:/Users/dharshana/.m2/repository/io/netty/netty-transport-native-epoll/4.1.60.Final/netty-transport-native-epoll-4.1.60.Final-linux-x86_64.jar:/Users/dharshana/.m2/repository/io/netty/netty-transport-native-kqueue/4.1.60.Final/netty-transport-native-kqueue-4.1.60.Final-osx-x86_64.jar:/Users/dharshana/.m2/repository/org/reactivestreams/reactive-streams/1.0.3/reactive-streams-1.0.3.jar:/Users/dharshana/.m2/repository/com/typesafe/netty/netty-reactive-streams/2.0.4/netty-reactive-streams-2.0.4.jar:/Users/dharshana/.m2/repository/com/sun/activation/jakarta.activation/1.2.2/jakarta.activation-1.2.2.jar:/Users/dharshana/.m2/repository/org/seleniumhq/selenium/selenium-http/4.1.2/selenium-http-4.1.2.jar:/Users/dharshana/.m2/repository/net/jodah/failsafe/2.4.4/failsafe-2.4.4.jar:/Users/dharshana/.m2/repository/org/seleniumhq/selenium/selenium-support/4.1.2/selenium-support-4.1.2.jar:/Users/dharshana/.m2/repository/net/bytebuddy/byte-buddy/1.12.7/byte-buddy-1.12.7.jar:/Users/dharshana/.m2/repository/org/seleniumhq/selenium/selenium-java/4.1.2/selenium-java-4.1.2.jar:/Users/dharshana/.m2/repository/org/seleniumhq/selenium/selenium-devtools-v85/4.1.2/selenium-devtools-v85-4.1.2.jar:/Users/dharshana/.m2/repository/org/seleniumhq/selenium/selenium-devtools-v95/4.1.2/selenium-devtools-v95-4.1.2.jar:/Users/dharshana/.m2/repository/org/seleniumhq/selenium/selenium-devtools-v96/4.1.2/selenium-devtools-v96-4.1.2.jar:/Users/dharshana/.m2/repository/org/seleniumhq/selenium/selenium-devtools-v97/4.1.2/selenium-devtools-v97-4.1.2.jar:/Users/dharshana/.m2/repository/org/seleniumhq/selenium/selenium-edge-driver/4.1.2/selenium-edge-driver-4.1.2.jar:/Users/dharshana/.m2/repository/org/seleniumhq/selenium/selenium-firefox-driver/4.1.2/selenium-firefox-driver-4.1.2.jar:/Users/dharshana/.m2/repository/org/seleniumhq/selenium/selenium-firefox-xpi-driver/4.1.2/selenium-firefox-xpi-driver-4.1.2.jar:/Users/dharshana/.m2/repository/org/seleniumhq/selenium/selenium-ie-driver/4.1.2/selenium-ie-driver-4.1.2.jar:/Users/dharshana/.m2/repository/org/seleniumhq/selenium/selenium-opera-driver/4.1.2/selenium-opera-driver-4.1.2.jar:/Users/dharshana/.m2/repository/org/seleniumhq/selenium/selenium-safari-driver/4.1.2/selenium-safari-driver-4.1.2.jar:/Users/dharshana/.m2/repository/org/apache/logging/log4j/log4j-api/2.17.2/log4j-api-2.17.2.jar:/Users/dharshana/.m2/repository/org/apache/logging/log4j/log4j-core/2.17.2/log4j-core-2.17.2.jar:/Users/dharshana/.m2/repository/org/apache/logging/log4j/log4j-slf4j-impl/2.17.2/log4j-slf4j-impl-2.17.2.jar:/Users/dharshana/.m2/repository/io/github/bonigarcia/webdrivermanager/5.1.0/webdrivermanager-5.1.0.jar:/Users/dharshana/.m2/repository/com/google/code/gson/gson/2.9.0/gson-2.9.0.jar:/Users/dharshana/.m2/repository/com/github/docker-java/docker-java/3.2.13/docker-java-3.2.13.jar:/Users/dharshana/.m2/repository/com/github/docker-java/docker-java-core/3.2.13/docker-java-core-3.2.13.jar:/Users/dharshana/.m2/repository/com/github/docker-java/docker-java-api/3.2.13/docker-java-api-3.2.13.jar:/Users/dharshana/.m2/repository/com/fasterxml/jackson/core/jackson-annotations/2.10.3/jackson-annotations-2.10.3.jar:/Users/dharshana/.m2/repository/commons-io/commons-io/2.6/commons-io-2.6.jar:/Users/dharshana/.m2/repository/org/apache/commons/commons-compress/1.21/commons-compress-1.21.jar:/Users/dharshana/.m2/repository/com/fasterxml/jackson/core/jackson-databind/2.10.3/jackson-databind-2.10.3.jar:/Users/dharshana/.m2/repository/com/fasterxml/jackson/core/jackson-core/2.10.3/jackson-core-2.10.3.jar:/Users/dharshana/.m2/repository/org/bouncycastle/bcpkix-jdk15on/1.64/bcpkix-jdk15on-1.64.jar:/Users/dharshana/.m2/repository/org/bouncycastle/bcprov-jdk15on/1.64/bcprov-jdk15on-1.64.jar:/Users/dharshana/.m2/repository/org/slf4j/jcl-over-slf4j/1.7.30/jcl-over-slf4j-1.7.30.jar:/Users/dharshana/.m2/repository/com/github/docker-java/docker-java-transport-httpclient5/3.2.13/docker-java-transport-httpclient5-3.2.13.jar:/Users/dharshana/.m2/repository/com/github/docker-java/docker-java-transport/3.2.13/docker-java-transport-3.2.13.jar:/Users/dharshana/.m2/repository/org/apache/httpcomponents/client5/httpclient5/5.0.3/httpclient5-5.0.3.jar:/Users/dharshana/.m2/repository/org/apache/httpcomponents/core5/httpcore5/5.0.2/httpcore5-5.0.2.jar:/Users/dharshana/.m2/repository/commons-codec/commons-codec/1.13/commons-codec-1.13.jar:/Users/dharshana/.m2/repository/net/java/dev/jna/jna/5.8.0/jna-5.8.0.jar:/Users/dharshana/.m2/repository/org/brotli/dec/0.1.2/dec-0.1.2.jar:/Users/dharshana/.m2/repository/org/apache/commons/commons-lang3/3.12.0/commons-lang3-3.12.0.jar:"/>
    <property name="java.vm.vendor" value="Oracle Corporation"/>
    <property name="sun.arch.data.model" value="64"/>
    <property name="java.vendor.url" value="https://openjdk.java.net/"/>
    <property name="user.timezone" value="Pacific/Auckland"/>
    <property name="java.vm.specification.version" value="11"/>
    <property name="os.name" value="Mac OS X"/>
    <property name="sun.java.launcher" value="SUN_STANDARD"/>
    <property name="user.country" value="LK"/>
    <property name="sun.boot.library.path" value="/Library/Java/JavaVirtualMachines/jdk-11.0.7.jdk/Contents/Home/lib"/>
    <property name="sun.java.command" value="/Users/dharshana/demo/BuggyRatingAutomate/target/surefire/surefirebooter2319673788777863779.jar /Users/dharshana/demo/BuggyRatingAutomate/target/surefire 2022-03-30T04-47-10_729-jvmRun1 surefire12623166021435855351tmp surefire_02273185752182351058tmp"/>
    <property name="http.nonProxyHosts" value="local|*.local|169.254/16|*.169.254/16"/>
    <property name="jdk.debug" value="release"/>
    <property name="surefire.test.class.path" value="/Users/dharshana/demo/BuggyRatingAutomate/target/test-classes:/Users/dharshana/demo/BuggyRatingAutomate/target/classes:/Users/dharshana/.m2/repository/org/testng/testng/7.5/testng-7.5.jar:/Users/dharshana/.m2/repository/com/google/code/findbugs/jsr305/3.0.1/jsr305-3.0.1.jar:/Users/dharshana/.m2/repository/org/slf4j/slf4j-api/1.7.32/slf4j-api-1.7.32.jar:/Users/dharshana/.m2/repository/com/beust/jcommander/1.78/jcommander-1.78.jar:/Users/dharshana/.m2/repository/org/webjars/jquery/3.5.1/jquery-3.5.1.jar:/Users/dharshana/.m2/repository/org/seleniumhq/selenium/selenium-chrome-driver/4.1.2/selenium-chrome-driver-4.1.2.jar:/Users/dharshana/.m2/repository/com/google/auto/service/auto-service-annotations/1.0.1/auto-service-annotations-1.0.1.jar:/Users/dharshana/.m2/repository/com/google/auto/service/auto-service/1.0.1/auto-service-1.0.1.jar:/Users/dharshana/.m2/repository/com/google/auto/auto-common/1.2/auto-common-1.2.jar:/Users/dharshana/.m2/repository/com/google/guava/guava/31.0.1-jre/guava-31.0.1-jre.jar:/Users/dharshana/.m2/repository/com/google/guava/failureaccess/1.0.1/failureaccess-1.0.1.jar:/Users/dharshana/.m2/repository/com/google/guava/listenablefuture/9999.0-empty-to-avoid-conflict-with-guava/listenablefuture-9999.0-empty-to-avoid-conflict-with-guava.jar:/Users/dharshana/.m2/repository/org/checkerframework/checker-qual/3.12.0/checker-qual-3.12.0.jar:/Users/dharshana/.m2/repository/com/google/errorprone/error_prone_annotations/2.7.1/error_prone_annotations-2.7.1.jar:/Users/dharshana/.m2/repository/com/google/j2objc/j2objc-annotations/1.3/j2objc-annotations-1.3.jar:/Users/dharshana/.m2/repository/org/seleniumhq/selenium/selenium-api/4.1.2/selenium-api-4.1.2.jar:/Users/dharshana/.m2/repository/org/seleniumhq/selenium/selenium-chromium-driver/4.1.2/selenium-chromium-driver-4.1.2.jar:/Users/dharshana/.m2/repository/org/seleniumhq/selenium/selenium-json/4.1.2/selenium-json-4.1.2.jar:/Users/dharshana/.m2/repository/org/seleniumhq/selenium/selenium-remote-driver/4.1.2/selenium-remote-driver-4.1.2.jar:/Users/dharshana/.m2/repository/io/netty/netty-buffer/4.1.73.Final/netty-buffer-4.1.73.Final.jar:/Users/dharshana/.m2/repository/io/netty/netty-codec-http/4.1.73.Final/netty-codec-http-4.1.73.Final.jar:/Users/dharshana/.m2/repository/io/netty/netty-codec/4.1.73.Final/netty-codec-4.1.73.Final.jar:/Users/dharshana/.m2/repository/io/netty/netty-handler/4.1.73.Final/netty-handler-4.1.73.Final.jar:/Users/dharshana/.m2/repository/io/netty/netty-tcnative-classes/2.0.46.Final/netty-tcnative-classes-2.0.46.Final.jar:/Users/dharshana/.m2/repository/io/netty/netty-common/4.1.73.Final/netty-common-4.1.73.Final.jar:/Users/dharshana/.m2/repository/io/netty/netty-transport-classes-epoll/4.1.73.Final/netty-transport-classes-epoll-4.1.73.Final.jar:/Users/dharshana/.m2/repository/io/netty/netty-transport-classes-kqueue/4.1.73.Final/netty-transport-classes-kqueue-4.1.73.Final.jar:/Users/dharshana/.m2/repository/io/netty/netty-transport-native-epoll/4.1.73.Final/netty-transport-native-epoll-4.1.73.Final.jar:/Users/dharshana/.m2/repository/io/netty/netty-transport-native-kqueue/4.1.73.Final/netty-transport-native-kqueue-4.1.73.Final.jar:/Users/dharshana/.m2/repository/io/netty/netty-transport-native-unix-common/4.1.73.Final/netty-transport-native-unix-common-4.1.73.Final.jar:/Users/dharshana/.m2/repository/io/netty/netty-transport/4.1.73.Final/netty-transport-4.1.73.Final.jar:/Users/dharshana/.m2/repository/io/netty/netty-resolver/4.1.73.Final/netty-resolver-4.1.73.Final.jar:/Users/dharshana/.m2/repository/io/opentelemetry/opentelemetry-api/1.10.1/opentelemetry-api-1.10.1.jar:/Users/dharshana/.m2/repository/io/opentelemetry/opentelemetry-context/1.10.1/opentelemetry-context-1.10.1.jar:/Users/dharshana/.m2/repository/io/opentelemetry/opentelemetry-exporter-logging/1.10.1/opentelemetry-exporter-logging-1.10.1.jar:/Users/dharshana/.m2/repository/io/opentelemetry/opentelemetry-sdk-metrics/1.10.1-alpha/opentelemetry-sdk-metrics-1.10.1-alpha.jar:/Users/dharshana/.m2/repository/io/opentelemetry/opentelemetry-sdk-logs/1.10.1-alpha/opentelemetry-sdk-logs-1.10.1-alpha.jar:/Users/dharshana/.m2/repository/io/opentelemetry/opentelemetry-sdk-common/1.10.1/opentelemetry-sdk-common-1.10.1.jar:/Users/dharshana/.m2/repository/io/opentelemetry/opentelemetry-sdk-extension-autoconfigure-spi/1.10.1/opentelemetry-sdk-extension-autoconfigure-spi-1.10.1.jar:/Users/dharshana/.m2/repository/io/opentelemetry/opentelemetry-sdk-extension-autoconfigure/1.10.1-alpha/opentelemetry-sdk-extension-autoconfigure-1.10.1-alpha.jar:/Users/dharshana/.m2/repository/io/opentelemetry/opentelemetry-sdk-trace/1.10.1/opentelemetry-sdk-trace-1.10.1.jar:/Users/dharshana/.m2/repository/io/opentelemetry/opentelemetry-sdk/1.10.1/opentelemetry-sdk-1.10.1.jar:/Users/dharshana/.m2/repository/io/opentelemetry/opentelemetry-semconv/1.10.1-alpha/opentelemetry-semconv-1.10.1-alpha.jar:/Users/dharshana/.m2/repository/io/ous/jtoml/2.0.0/jtoml-2.0.0.jar:/Users/dharshana/.m2/repository/org/apache/commons/commons-exec/1.3/commons-exec-1.3.jar:/Users/dharshana/.m2/repository/org/asynchttpclient/async-http-client/2.12.3/async-http-client-2.12.3.jar:/Users/dharshana/.m2/repository/org/asynchttpclient/async-http-client-netty-utils/2.12.3/async-http-client-netty-utils-2.12.3.jar:/Users/dharshana/.m2/repository/io/netty/netty-codec-socks/4.1.60.Final/netty-codec-socks-4.1.60.Final.jar:/Users/dharshana/.m2/repository/io/netty/netty-handler-proxy/4.1.60.Final/netty-handler-proxy-4.1.60.Final.jar:/Users/dharshana/.m2/repository/io/netty/netty-transport-native-epoll/4.1.60.Final/netty-transport-native-epoll-4.1.60.Final-linux-x86_64.jar:/Users/dharshana/.m2/repository/io/netty/netty-transport-native-kqueue/4.1.60.Final/netty-transport-native-kqueue-4.1.60.Final-osx-x86_64.jar:/Users/dharshana/.m2/repository/org/reactivestreams/reactive-streams/1.0.3/reactive-streams-1.0.3.jar:/Users/dharshana/.m2/repository/com/typesafe/netty/netty-reactive-streams/2.0.4/netty-reactive-streams-2.0.4.jar:/Users/dharshana/.m2/repository/com/sun/activation/jakarta.activation/1.2.2/jakarta.activation-1.2.2.jar:/Users/dharshana/.m2/repository/org/seleniumhq/selenium/selenium-http/4.1.2/selenium-http-4.1.2.jar:/Users/dharshana/.m2/repository/net/jodah/failsafe/2.4.4/failsafe-2.4.4.jar:/Users/dharshana/.m2/repository/org/seleniumhq/selenium/selenium-support/4.1.2/selenium-support-4.1.2.jar:/Users/dharshana/.m2/repository/net/bytebuddy/byte-buddy/1.12.7/byte-buddy-1.12.7.jar:/Users/dharshana/.m2/repository/org/seleniumhq/selenium/selenium-java/4.1.2/selenium-java-4.1.2.jar:/Users/dharshana/.m2/repository/org/seleniumhq/selenium/selenium-devtools-v85/4.1.2/selenium-devtools-v85-4.1.2.jar:/Users/dharshana/.m2/repository/org/seleniumhq/selenium/selenium-devtools-v95/4.1.2/selenium-devtools-v95-4.1.2.jar:/Users/dharshana/.m2/repository/org/seleniumhq/selenium/selenium-devtools-v96/4.1.2/selenium-devtools-v96-4.1.2.jar:/Users/dharshana/.m2/repository/org/seleniumhq/selenium/selenium-devtools-v97/4.1.2/selenium-devtools-v97-4.1.2.jar:/Users/dharshana/.m2/repository/org/seleniumhq/selenium/selenium-edge-driver/4.1.2/selenium-edge-driver-4.1.2.jar:/Users/dharshana/.m2/repository/org/seleniumhq/selenium/selenium-firefox-driver/4.1.2/selenium-firefox-driver-4.1.2.jar:/Users/dharshana/.m2/repository/org/seleniumhq/selenium/selenium-firefox-xpi-driver/4.1.2/selenium-firefox-xpi-driver-4.1.2.jar:/Users/dharshana/.m2/repository/org/seleniumhq/selenium/selenium-ie-driver/4.1.2/selenium-ie-driver-4.1.2.jar:/Users/dharshana/.m2/repository/org/seleniumhq/selenium/selenium-opera-driver/4.1.2/selenium-opera-driver-4.1.2.jar:/Users/dharshana/.m2/repository/org/seleniumhq/selenium/selenium-safari-driver/4.1.2/selenium-safari-driver-4.1.2.jar:/Users/dharshana/.m2/repository/org/apache/logging/log4j/log4j-api/2.17.2/log4j-api-2.17.2.jar:/Users/dharshana/.m2/repository/org/apache/logging/log4j/log4j-core/2.17.2/log4j-core-2.17.2.jar:/Users/dharshana/.m2/repository/org/apache/logging/log4j/log4j-slf4j-impl/2.17.2/log4j-slf4j-impl-2.17.2.jar:/Users/dharshana/.m2/repository/io/github/bonigarcia/webdrivermanager/5.1.0/webdrivermanager-5.1.0.jar:/Users/dharshana/.m2/repository/com/google/code/gson/gson/2.9.0/gson-2.9.0.jar:/Users/dharshana/.m2/repository/com/github/docker-java/docker-java/3.2.13/docker-java-3.2.13.jar:/Users/dharshana/.m2/repository/com/github/docker-java/docker-java-core/3.2.13/docker-java-core-3.2.13.jar:/Users/dharshana/.m2/repository/com/github/docker-java/docker-java-api/3.2.13/docker-java-api-3.2.13.jar:/Users/dharshana/.m2/repository/com/fasterxml/jackson/core/jackson-annotations/2.10.3/jackson-annotations-2.10.3.jar:/Users/dharshana/.m2/repository/commons-io/commons-io/2.6/commons-io-2.6.jar:/Users/dharshana/.m2/repository/org/apache/commons/commons-compress/1.21/commons-compress-1.21.jar:/Users/dharshana/.m2/repository/com/fasterxml/jackson/core/jackson-databind/2.10.3/jackson-databind-2.10.3.jar:/Users/dharshana/.m2/repository/com/fasterxml/jackson/core/jackson-core/2.10.3/jackson-core-2.10.3.jar:/Users/dharshana/.m2/repository/org/bouncycastle/bcpkix-jdk15on/1.64/bcpkix-jdk15on-1.64.jar:/Users/dharshana/.m2/repository/org/bouncycastle/bcprov-jdk15on/1.64/bcprov-jdk15on-1.64.jar:/Users/dharshana/.m2/repository/org/slf4j/jcl-over-slf4j/1.7.30/jcl-over-slf4j-1.7.30.jar:/Users/dharshana/.m2/repository/com/github/docker-java/docker-java-transport-httpclient5/3.2.13/docker-java-transport-httpclient5-3.2.13.jar:/Users/dharshana/.m2/repository/com/github/docker-java/docker-java-transport/3.2.13/docker-java-transport-3.2.13.jar:/Users/dharshana/.m2/repository/org/apache/httpcomponents/client5/httpclient5/5.0.3/httpclient5-5.0.3.jar:/Users/dharshana/.m2/repository/org/apache/httpcomponents/core5/httpcore5/5.0.2/httpcore5-5.0.2.jar:/Users/dharshana/.m2/repository/commons-codec/commons-codec/1.13/commons-codec-1.13.jar:/Users/dharshana/.m2/repository/net/java/dev/jna/jna/5.8.0/jna-5.8.0.jar:/Users/dharshana/.m2/repository/org/brotli/dec/0.1.2/dec-0.1.2.jar:/Users/dharshana/.m2/repository/org/apache/commons/commons-lang3/3.12.0/commons-lang3-3.12.0.jar:"/>
    <property name="sun.cpu.endian" value="little"/>
    <property name="user.home" value="/Users/dharshana"/>
    <property name="user.language" value="en"/>
    <property name="java.specification.vendor" value="Oracle Corporation"/>
    <property name="java.version.date" value="2020-04-14"/>
    <property name="java.home" value="/Library/Java/JavaVirtualMachines/jdk-11.0.7.jdk/Contents/Home"/>
    <property name="file.separator" value="/"/>
    <property name="basedir" value="/Users/dharshana/demo/BuggyRatingAutomate"/>
    <property name="java.vm.compressedOopsMode" value="Zero based"/>
    <property name="line.separator" value="&#10;"/>
    <property name="java.specification.name" value="Java Platform API Specification"/>
    <property name="java.vm.specification.vendor" value="Oracle Corporation"/>
    <property name="java.awt.graphicsenv" value="sun.awt.CGraphicsEnvironment"/>
    <property name="surefire.real.class.path" value="/Users/dharshana/demo/BuggyRatingAutomate/target/surefire/surefirebooter2319673788777863779.jar"/>
    <property name="sun.management.compiler" value="HotSpot 64-Bit Tiered Compilers"/>
    <property name="ftp.nonProxyHosts" value="local|*.local|169.254/16|*.169.254/16"/>
    <property name="java.runtime.version" value="11.0.7+8-LTS"/>
    <property name="user.name" value="dharshana"/>
    <property name="path.separator" value=":"/>
    <property name="os.version" value="10.16"/>
    <property name="java.runtime.name" value="Java(TM) SE Runtime Environment"/>
    <property name="file.encoding" value="UTF-8"/>
    <property name="java.vm.name" value="Java HotSpot(TM) 64-Bit Server VM"/>
    <property name="java.vendor.version" value="18.9"/>
    <property name="localRepository" value="/Users/dharshana/.m2/repository"/>
    <property name="java.vendor.url.bug" value="https://bugreport.java.com/bugreport/"/>
    <property name="java.io.tmpdir" value="/var/folders/2t/22ll6rh565703_kd2v8rlvdr0000gp/T/"/>
    <property name="java.version" value="11.0.7"/>
    <property name="user.dir" value="/Users/dharshana/demo/BuggyRatingAutomate"/>
    <property name="os.arch" value="x86_64"/>
    <property name="java.vm.specification.name" value="Java Virtual Machine Specification"/>
    <property name="java.awt.printerjob" value="sun.lwawt.macosx.CPrinterJob"/>
    <property name="sun.os.patch.level" value="unknown"/>
    <property name="java.library.path" value="/Users/dharshana/Library/Java/Extensions:/Library/Java/Extensions:/Network/Library/Java/Extensions:/System/Library/Java/Extensions:/usr/lib/java:."/>
    <property name="java.vendor" value="Oracle Corporation"/>
    <property name="java.vm.info" value="mixed mode"/>
    <property name="java.vm.version" value="11.0.7+8-LTS"/>
    <property name="sun.io.unicode.encoding" value="UnicodeBig"/>
    <property name="java.class.version" value="55.0"/>
    <property name="socksNonProxyHosts" value="local|*.local|169.254/16|*.169.254/16"/>
  </properties>
  <testcase name="navigateToRegisterPage" classname="com.buggy.rating.automate.BuggyCarsRatingRegisterTest" time="0.234">
    <system-out><![CDATA[[INFO ] 2022-03-30 04:47:13,897 io.github.bonigarcia.wdm.WebDriverManager:1093 - Using chromedriver 99.0.4844.51 (resolved driver for Chrome 99)
[INFO ] 2022-03-30 04:47:13,930 io.github.bonigarcia.wdm.WebDriverManager:1148 - Exporting webdriver.chrome.driver as /Users/dharshana/.cache/selenium/chromedriver/mac64/99.0.4844.51/chromedriver
[INFO ] 2022-03-30 04:47:25,931 io.github.bonigarcia.wdm.WebDriverManager:1093 - Using chromedriver 99.0.4844.51 (resolved driver for Chrome 99)
[INFO ] 2022-03-30 04:47:25,970 io.github.bonigarcia.wdm.WebDriverManager:1148 - Exporting webdriver.chrome.driver as /Users/dharshana/.cache/selenium/chromedriver/mac64/99.0.4844.51/chromedriver
]]></system-out>
    <system-err><![CDATA[Starting ChromeDriver 99.0.4844.51 (d537ec02474b5afe23684e7963d538896c63ac77-refs/branch-heads/4844@{#875}) on port 49191
Only local connections are allowed.
Please see https://chromedriver.chromium.org/security-considerations for suggestions on keeping ChromeDriver safe.
ChromeDriver was started successfully.
Mar 30, 2022 4:47:21 AM org.openqa.selenium.remote.ProtocolHandshake createSession
INFO: Detected dialect: W3C
Mar 30, 2022 4:47:22 AM org.openqa.selenium.devtools.CdpVersionFinder findNearestMatch
WARNING: Unable to find an exact match for CDP version 99, so returning the closest version found: 97
Mar 30, 2022 4:47:22 AM org.openqa.selenium.devtools.CdpVersionFinder findNearestMatch
INFO: Found CDP implementation for version 99 of 97
Starting ChromeDriver 99.0.4844.51 (d537ec02474b5afe23684e7963d538896c63ac77-refs/branch-heads/4844@{#875}) on port 54018
Only local connections are allowed.
Please see https://chromedriver.chromium.org/security-considerations for suggestions on keeping ChromeDriver safe.
ChromeDriver was started successfully.
Mar 30, 2022 4:47:28 AM org.openqa.selenium.remote.ProtocolHandshake createSession
INFO: Detected dialect: W3C
Mar 30, 2022 4:47:28 AM org.openqa.selenium.devtools.CdpVersionFinder findNearestMatch
WARNING: Unable to find an exact match for CDP version 99, so returning the closest version found: 97
Mar 30, 2022 4:47:28 AM org.openqa.selenium.devtools.CdpVersionFinder findNearestMatch
INFO: Found CDP implementation for version 99 of 97
]]></system-err>
  </testcase>
  <testcase name="registerNewUser" classname="com.buggy.rating.automate.BuggyCarsRatingRegisterTest" time="1.128"/>
  <testcase name="loginWithNewUser" classname="com.buggy.rating.automate.BuggyCarsRatingRegisterTest" time="0.828"/>
  <testcase name="performLogin" classname="com.buggy.rating.automate.BuggyCarsRatingPageNavigationTest" time="1.128">
    <system-out><![CDATA[[INFO ] 2022-03-30 04:47:32,135 io.github.bonigarcia.wdm.WebDriverManager:1093 - Using chromedriver 99.0.4844.51 (resolved driver for Chrome 99)
[INFO ] 2022-03-30 04:47:32,155 io.github.bonigarcia.wdm.WebDriverManager:1148 - Exporting webdriver.chrome.driver as /Users/dharshana/.cache/selenium/chromedriver/mac64/99.0.4844.51/chromedriver
]]></system-out>
    <system-err><![CDATA[Starting ChromeDriver 99.0.4844.51 (d537ec02474b5afe23684e7963d538896c63ac77-refs/branch-heads/4844@{#875}) on port 63859
Only local connections are allowed.
Please see https://chromedriver.chromium.org/security-considerations for suggestions on keeping ChromeDriver safe.
ChromeDriver was started successfully.
Mar 30, 2022 4:47:34 AM org.openqa.selenium.remote.ProtocolHandshake createSession
INFO: Detected dialect: W3C
Mar 30, 2022 4:47:34 AM org.openqa.selenium.devtools.CdpVersionFinder findNearestMatch
WARNING: Unable to find an exact match for CDP version 99, so returning the closest version found: 97
Mar 30, 2022 4:47:34 AM org.openqa.selenium.devtools.CdpVersionFinder findNearestMatch
INFO: Found CDP implementation for version 99 of 97
]]></system-err>
  </testcase>
  <testcase name="navigateHomeFromOverallRatingPage" classname="com.buggy.rating.automate.BuggyCarsRatingPageNavigationTest" time="1.276"/>
  <testcase name="navigateHomeFromPopularMakePage" classname="com.buggy.rating.automate.BuggyCarsRatingPageNavigationTest" time="106.058">
    <failure message="Expected condition failed: waiting for visibility of element located by By.xpath: //my-home/div/div[1]/div/h2 (tried for 100 second(s) with 500 milliseconds interval)&#10;Build info: version: &apos;4.1.2&apos;, revision: &apos;9a5a329c5a&apos;&#10;System info: host: &apos;Admins-MacBook-Pro.local&apos;, ip: &apos;fe80:0:0:0:4d1:f41e:1fd3:72b2%en0&apos;, os.name: &apos;Mac OS X&apos;, os.arch: &apos;x86_64&apos;, os.version: &apos;10.16&apos;, java.version: &apos;11.0.7&apos;&#10;Driver info: org.openqa.selenium.chrome.ChromeDriver&#10;Capabilities {acceptInsecureCerts: false, browserName: chrome, browserVersion: 99.0.4844.83, chrome: {chromedriverVersion: 99.0.4844.51 (d537ec02474b5..., userDataDir: /var/folders/2t/22ll6rh5657...}, goog:chromeOptions: {debuggerAddress: localhost:52325}, javascriptEnabled: true, networkConnectionEnabled: false, pageLoadStrategy: normal, platform: MAC, platformName: MAC, proxy: Proxy(), se:cdp: ws://localhost:52325/devtoo..., se:cdpVersion: 99.0.4844.83, setWindowRect: true, strictFileInteractability: false, timeouts: {implicit: 0, pageLoad: 300000, script: 30000}, unhandledPromptBehavior: dismiss and notify, webauthn:extension:credBlob: true, webauthn:extension:largeBlob: true, webauthn:virtualAuthenticators: true}&#10;Session ID: 127a93cc0425df04f4cc3f79cfbf39e1" type="org.openqa.selenium.TimeoutException"><![CDATA[org.openqa.selenium.TimeoutException: 
Expected condition failed: waiting for visibility of element located by By.xpath: //my-home/div/div[1]/div/h2 (tried for 100 second(s) with 500 milliseconds interval)
Build info: version: '4.1.2', revision: '9a5a329c5a'
System info: host: 'Admins-MacBook-Pro.local', ip: 'fe80:0:0:0:4d1:f41e:1fd3:72b2%en0', os.name: 'Mac OS X', os.arch: 'x86_64', os.version: '10.16', java.version: '11.0.7'
Driver info: org.openqa.selenium.chrome.ChromeDriver
Capabilities {acceptInsecureCerts: false, browserName: chrome, browserVersion: 99.0.4844.83, chrome: {chromedriverVersion: 99.0.4844.51 (d537ec02474b5..., userDataDir: /var/folders/2t/22ll6rh5657...}, goog:chromeOptions: {debuggerAddress: localhost:52325}, javascriptEnabled: true, networkConnectionEnabled: false, pageLoadStrategy: normal, platform: MAC, platformName: MAC, proxy: Proxy(), se:cdp: ws://localhost:52325/devtoo..., se:cdpVersion: 99.0.4844.83, setWindowRect: true, strictFileInteractability: false, timeouts: {implicit: 0, pageLoad: 300000, script: 30000}, unhandledPromptBehavior: dismiss and notify, webauthn:extension:credBlob: true, webauthn:extension:largeBlob: true, webauthn:virtualAuthenticators: true}
Session ID: 127a93cc0425df04f4cc3f79cfbf39e1
	at com.buggy.rating.automate.BuggyCarsRatingPageNavigationTest.navigateHomeFromPopularMakePage(BuggyCarsRatingPageNavigationTest.java:57)
]]></failure>
  </testcase>
  <testcase name="navigateHomeFromProfilePage" classname="com.buggy.rating.automate.BuggyCarsRatingPageNavigationTest" time="0.713"/>
  <testcase name="performLogin" classname="com.buggy.rating.automate.BuggyCarsRatingLoginTest" time="1.216">
    <system-out><![CDATA[[INFO ] 2022-03-30 04:49:24,925 io.github.bonigarcia.wdm.WebDriverManager:1093 - Using chromedriver 99.0.4844.51 (resolved driver for Chrome 99)
[INFO ] 2022-03-30 04:49:24,947 io.github.bonigarcia.wdm.WebDriverManager:1148 - Exporting webdriver.chrome.driver as /Users/dharshana/.cache/selenium/chromedriver/mac64/99.0.4844.51/chromedriver
]]></system-out>
    <system-err><![CDATA[Starting ChromeDriver 99.0.4844.51 (d537ec02474b5afe23684e7963d538896c63ac77-refs/branch-heads/4844@{#875}) on port 54814
Only local connections are allowed.
Please see https://chromedriver.chromium.org/security-considerations for suggestions on keeping ChromeDriver safe.
ChromeDriver was started successfully.
Mar 30, 2022 4:49:27 AM org.openqa.selenium.remote.ProtocolHandshake createSession
INFO: Detected dialect: W3C
Mar 30, 2022 4:49:27 AM org.openqa.selenium.devtools.CdpVersionFinder findNearestMatch
WARNING: Unable to find an exact match for CDP version 99, so returning the closest version found: 97
Mar 30, 2022 4:49:27 AM org.openqa.selenium.devtools.CdpVersionFinder findNearestMatch
INFO: Found CDP implementation for version 99 of 97
]]></system-err>
  </testcase>
  <testcase name="navigateToRegisterPage" classname="com.buggy.rating.automate.BuggyCarsRatingVotingTest" time="0.214"/>
  <testcase name="registerNewUser" classname="com.buggy.rating.automate.BuggyCarsRatingVotingTest" time="1.024"/>
  <testcase name="loginWithNewUser" classname="com.buggy.rating.automate.BuggyCarsRatingVotingTest" time="0.861"/>
  <testcase name="voteACar" classname="com.buggy.rating.automate.BuggyCarsRatingVotingTest" time="2.134"/>
  <testcase name="loginWithUser" classname="com.buggy.rating.automate.BuggyCarsRatingAdditionalInfoChangeTest" time="1.142">
    <system-out><![CDATA[[INFO ] 2022-03-30 04:49:35,451 io.github.bonigarcia.wdm.WebDriverManager:1093 - Using chromedriver 99.0.4844.51 (resolved driver for Chrome 99)
[INFO ] 2022-03-30 04:49:35,470 io.github.bonigarcia.wdm.WebDriverManager:1148 - Exporting webdriver.chrome.driver as /Users/dharshana/.cache/selenium/chromedriver/mac64/99.0.4844.51/chromedriver
]]></system-out>
    <system-err><![CDATA[Starting ChromeDriver 99.0.4844.51 (d537ec02474b5afe23684e7963d538896c63ac77-refs/branch-heads/4844@{#875}) on port 64627
Only local connections are allowed.
Please see https://chromedriver.chromium.org/security-considerations for suggestions on keeping ChromeDriver safe.
ChromeDriver was started successfully.
Mar 30, 2022 4:49:37 AM org.openqa.selenium.remote.ProtocolHandshake createSession
INFO: Detected dialect: W3C
Mar 30, 2022 4:49:37 AM org.openqa.selenium.devtools.CdpVersionFinder findNearestMatch
WARNING: Unable to find an exact match for CDP version 99, so returning the closest version found: 97
Mar 30, 2022 4:49:37 AM org.openqa.selenium.devtools.CdpVersionFinder findNearestMatch
INFO: Found CDP implementation for version 99 of 97
]]></system-err>
  </testcase>
  <testcase name="fillAdditionalInfo" classname="com.buggy.rating.automate.BuggyCarsRatingAdditionalInfoChangeTest" time="0.259">
    <failure message="com/buggy/rating/automate/beans/BasicInfoBean" type="java.lang.NoClassDefFoundError"><![CDATA[java.lang.NoClassDefFoundError: com/buggy/rating/automate/beans/BasicInfoBean
	at com.buggy.rating.automate.BuggyCarsRatingAdditionalInfoChangeTest.fillAdditionalInfo(BuggyCarsRatingAdditionalInfoChangeTest.java:46)
Caused by: java.lang.ClassNotFoundException: com.buggy.rating.automate.beans.BasicInfoBean
	at com.buggy.rating.automate.BuggyCarsRatingAdditionalInfoChangeTest.fillAdditionalInfo(BuggyCarsRatingAdditionalInfoChangeTest.java:46)
]]></failure>
  </testcase>
</testsuite>