<?xml version="1.0" encoding="UTF-8"?>
<!-- Generated by org.testng.reporters.JUnitReportReporter -->
<testsuite hostname="Admins-MacBook-Pro.local" failures="0" tests="4" name="com.buggy.rating.automate.BuggyCarsRatingVotingTest" time="4.234" errors="0" timestamp="2022-03-30T04:49:41 NZDT" skipped="0">
  <testcase classname="com.buggy.rating.automate.BuggyCarsRatingVotingTest" name="loginWithNewUser" time="0.861"/>
  <system-out/>
  <testcase classname="com.buggy.rating.automate.BuggyCarsRatingVotingTest" name="navigateToRegisterPage" time="0.214"/>
  <system-out/>
  <testcase classname="com.buggy.rating.automate.BuggyCarsRatingVotingTest" name="registerNewUser" time="1.024"/>
  <system-out/>
  <testcase classname="com.buggy.rating.automate.BuggyCarsRatingVotingTest" name="voteACar" time="2.135"/>
  <system-out/>
</testsuite> <!-- com.buggy.rating.automate.BuggyCarsRatingVotingTest -->
