<?xml version="1.0" encoding="UTF-8"?>
<!-- Generated by org.testng.reporters.JUnitReportReporter -->
<testsuite hostname="Admins-MacBook-Pro.local" failures="0" tests="3" name="com.buggy.rating.automate.BuggyCarsRatingRegisterTest" time="2.310" errors="0" timestamp="2022-03-30T04:49:41 NZDT" skipped="0">
  <testcase classname="com.buggy.rating.automate.BuggyCarsRatingRegisterTest" name="registerNewUser" time="1.135"/>
  <system-out/>
  <testcase classname="com.buggy.rating.automate.BuggyCarsRatingRegisterTest" name="navigateToRegisterPage" time="0.348"/>
  <system-out/>
  <testcase classname="com.buggy.rating.automate.BuggyCarsRatingRegisterTest" name="loginWithNewUser" time="0.827"/>
  <system-out/>
</testsuite> <!-- com.buggy.rating.automate.BuggyCarsRatingRegisterTest -->
