<?xml version="1.0" encoding="UTF-8"?>
<!-- Generated by org.testng.reporters.JUnitReportReporter -->
<testsuite hostname="Admins-MacBook-Pro.local" failures="0" tests="1" name="com.buggy.rating.automate.BuggyCarsRatingLoginTest" time="1.236" errors="0" timestamp="2022-03-30T04:49:41 NZDT" skipped="0">
  <testcase classname="com.buggy.rating.automate.BuggyCarsRatingLoginTest" name="performLogin" time="1.236"/>
  <system-out/>
</testsuite> <!-- com.buggy.rating.automate.BuggyCarsRatingLoginTest -->
